=== SUMMARY OUTPUT ===
Exit Code: 1
Output Lines: 697

[INFO] [2025-07-17 21:49:05] Starting RUTOS busybox compatibility and markdown validation v1.0.3
[STEP] [2025-07-17 21:49:05] Self-validation: Skipped - this script is excluded from validation
[INFO] [2025-07-17 21:49:05] Running in full validation mode (all shell and markdown files)
[STEP] [2025-07-17 21:49:07] Processing 98 files
[INFO] [2025-07-17 21:49:07] Validating shell script files
[STEP] [2025-07-17 21:49:07] Validating: ./Starlink-RUTOS-Failover/99-pushover_notify-rutos.sh
[INFO] [2025-07-17 21:49:07] Applied auto-fixes to ./Starlink-RUTOS-Failover/99-pushover_notify-rutos.sh
[MAJOR] ./Starlink-RUTOS-Failover/99-pushover_notify-rutos.sh:1 Uses bash shebang - should use #!/bin/sh for RUTOS compatibility
[CRITICAL] ./Starlink-RUTOS-Failover/99-pushover_notify-rutos.sh:36 Uses 'local' keyword - not supported in busybox
[CRITICAL] ./Starlink-RUTOS-Failover/99-pushover_notify-rutos.sh:37 Uses 'local' keyword - not supported in busybox
[CRITICAL] ./Starlink-RUTOS-Failover/99-pushover_notify-rutos.sh:38 Uses 'local' keyword - not supported in busybox
[CRITICAL] ./Starlink-RUTOS-Failover/99-pushover_notify-rutos.sh:51 Uses 'local' keyword - not supported in busybox
[CRITICAL] ./Starlink-RUTOS-Failover/99-pushover_notify-rutos.sh:52 Uses 'local' keyword - not supported in busybox
[CRITICAL] ./Starlink-RUTOS-Failover/99-pushover_notify-rutos.sh:54 Uses 'local' keyword - not supported in busybox
[CRITICAL] ./Starlink-RUTOS-Failover/99-pushover_notify-rutos.sh:59 Uses 'local' keyword - not supported in busybox
[CRITICAL] ./Starlink-RUTOS-Failover/99-pushover_notify-rutos.sh:69 Uses 'local' keyword - not supported in busybox
[CRITICAL] ./Starlink-RUTOS-Failover/99-pushover_notify-rutos.sh:82 Uses 'local' keyword - not supported in busybox
[CRITICAL] ./Starlink-RUTOS-Failover/99-pushover_notify-rutos.sh:83 Uses 'local' keyword - not supported in busybox
[CRITICAL] ./Starlink-RUTOS-Failover/99-pushover_notify-rutos.sh:84 Uses 'local' keyword - not supported in busybox
[CRITICAL] ./Starlink-RUTOS-Failover/99-pushover_notify-rutos.sh:85 Uses 'local' keyword - not supported in busybox
[CRITICAL] ./Starlink-RUTOS-Failover/99-pushover_notify-rutos.sh:86 Uses 'local' keyword - not supported in busybox
[CRITICAL] ./Starlink-RUTOS-Failover/99-pushover_notify-rutos.sh:87 Uses 'local' keyword - not supported in busybox
[CRITICAL] ./Starlink-RUTOS-Failover/99-pushover_notify-rutos.sh:98 Uses 'local' keyword - not supported in busybox
[CRITICAL] ./Starlink-RUTOS-Failover/99-pushover_notify-rutos.sh:110 Uses 'local' keyword - not supported in busybox
[CRITICAL] ./Starlink-RUTOS-Failover/99-pushover_notify-rutos.sh:112 Uses 'local' keyword - not supported in busybox
[CRITICAL] ./Starlink-RUTOS-Failover/99-pushover_notify-rutos.sh:137 Uses 'local' keyword - not supported in busybox
[CRITICAL] ./Starlink-RUTOS-Failover/99-pushover_notify-rutos.sh:139 Uses 'local' keyword - not supported in busybox
[CRITICAL] ./Starlink-RUTOS-Failover/99-pushover_notify-rutos.sh:141 Uses 'local' keyword - not supported in busybox
[CRITICAL] ./Starlink-RUTOS-Failover/99-pushover_notify-rutos.sh:148 Uses 'local' keyword - not supported in busybox
[CRITICAL] ./Starlink-RUTOS-Failover/99-pushover_notify-rutos.sh:149 Uses 'local' keyword - not supported in busybox
[CRITICAL] ./Starlink-RUTOS-Failover/99-pushover_notify-rutos.sh:157 Uses 'local' keyword - not supported in busybox
[CRITICAL] ./Starlink-RUTOS-Failover/99-pushover_notify-rutos.sh:159 Uses 'local' keyword - not supported in busybox
[CRITICAL] ./Starlink-RUTOS-Failover/99-pushover_notify-rutos.sh:168 Uses 'local' keyword - not supported in busybox
[CRITICAL] ./Starlink-RUTOS-Failover/99-pushover_notify-rutos.sh:170 Uses 'local' keyword - not supported in busybox
[CRITICAL] ./Starlink-RUTOS-Failover/99-pushover_notify-rutos.sh:178 Uses 'local' keyword - not supported in busybox
[CRITICAL] ./Starlink-RUTOS-Failover/99-pushover_notify-rutos.sh:180 Uses 'local' keyword - not supported in busybox
[CRITICAL] ./Starlink-RUTOS-Failover/99-pushover_notify-rutos.sh:187 Uses 'local' keyword - not supported in busybox
[CRITICAL] ./Starlink-RUTOS-Failover/99-pushover_notify-rutos.sh:189 Uses 'local' keyword - not supported in busybox
[CRITICAL] ./Starlink-RUTOS-Failover/99-pushover_notify-rutos.sh:201 Uses 'local' keyword - not supported in busybox
[CRITICAL] ./Starlink-RUTOS-Failover/99-pushover_notify-rutos.sh:203 Uses 'local' keyword - not supported in busybox
[CRITICAL] ./Starlink-RUTOS-Failover/99-pushover_notify-rutos.sh:214 Uses 'local' keyword - not supported in busybox
[CRITICAL] ./Starlink-RUTOS-Failover/99-pushover_notify-rutos.sh:216 Uses 'local' keyword - not supported in busybox
[CRITICAL] ./Starlink-RUTOS-Failover/99-pushover_notify-rutos.sh:224 Uses 'local' keyword - not supported in busybox
[CRITICAL] ./Starlink-RUTOS-Failover/99-pushover_notify-rutos.sh:226 Uses 'local' keyword - not supported in busybox
[CRITICAL] ./Starlink-RUTOS-Failover/99-pushover_notify-rutos.sh:264 Uses 'local' keyword - not supported in busybox
[CRITICAL] ./Starlink-RUTOS-Failover/99-pushover_notify-rutos.sh:266 Uses 'local' keyword - not supported in busybox
[CRITICAL] ./Starlink-RUTOS-Failover/99-pushover_notify-rutos.sh:270 Uses 'local' keyword - not supported in busybox
[CRITICAL] ./Starlink-RUTOS-Failover/99-pushover_notify-rutos.sh:283 Uses 'local' keyword - not supported in busybox
[MAJOR] ./Starlink-RUTOS-Failover/99-pushover_notify-rutos.sh:0 Missing color definitions: RED GREEN YELLOW BLUE CYAN NC - all scripts should define RED, GREEN, YELLOW, BLUE, CYAN, NC
[WARNING] [2025-07-17 21:49:08] ./Starlink-RUTOS-Failover/99-pushover_notify-rutos.sh: ShellCheck found issues

In ./Starlink-RUTOS-Failover/99-pushover_notify-rutos.sh line 16:
set -euo pipefail
         ^------^ SC3040 (warning): In POSIX sh, set option pipefail is undefined.


In ./Starlink-RUTOS-Failover/99-pushover_notify-rutos.sh line 36:
	local level="$1"
        ^---------^ SC3043 (warning): In POSIX sh, 'local' is undefined.

[MAJOR] ./Starlink-RUTOS-Failover/99-pushover_notify-rutos.sh: SC3040: In POSIX sh, set option pipefail is undefined.
[MAJOR] ./Starlink-RUTOS-Failover/99-pushover_notify-rutos.sh: SC3043: In POSIX sh, 'local' is undefined.
[MAJOR] ./Starlink-RUTOS-Failover/99-pushover_notify-rutos.sh: SC3043: In POSIX sh, 'local' is undefined.
[MAJOR] ./Starlink-RUTOS-Failover/99-pushover_notify-rutos.sh: SC3043: In POSIX sh, 'local' is undefined.
[MAJOR] ./Starlink-RUTOS-Failover/99-pushover_notify-rutos.sh: SC3043: In POSIX sh, 'local' is undefined.
[MAJOR] ./Starlink-RUTOS-Failover/99-pushover_notify-rutos.sh: SC3043: In POSIX sh, 'local' is undefined.
[MAJOR] ./Starlink-RUTOS-Failover/99-pushover_notify-rutos.sh: SC3043: In POSIX sh, 'local' is undefined.
[MAJOR] ./Starlink-RUTOS-Failover/99-pushover_notify-rutos.sh: SC3043: In POSIX sh, 'local' is undefined.
[MAJOR] ./Starlink-RUTOS-Failover/99-pushover_notify-rutos.sh: SC3043: In POSIX sh, 'local' is undefined.
[MAJOR] ./Starlink-RUTOS-Failover/99-pushover_notify-rutos.sh: SC3043: In POSIX sh, 'local' is undefined.
[MAJOR] ./Starlink-RUTOS-Failover/99-pushover_notify-rutos.sh: SC3043: In POSIX sh, 'local' is undefined.
[MAJOR] ./Starlink-RUTOS-Failover/99-pushover_notify-rutos.sh: SC3043: In POSIX sh, 'local' is undefined.
[MAJOR] ./Starlink-RUTOS-Failover/99-pushover_notify-rutos.sh: SC3043: In POSIX sh, 'local' is undefined.
[MAJOR] ./Starlink-RUTOS-Failover/99-pushover_notify-rutos.sh: SC3043: In POSIX sh, 'local' is undefined.
[MAJOR] ./Starlink-RUTOS-Failover/99-pushover_notify-rutos.sh: SC3043: In POSIX sh, 'local' is undefined.
[MAJOR] ./Starlink-RUTOS-Failover/99-pushover_notify-rutos.sh: SC3043: In POSIX sh, 'local' is undefined.
[MAJOR] ./Starlink-RUTOS-Failover/99-pushover_notify-rutos.sh: SC3043: In POSIX sh, 'local' is undefined.
[MAJOR] ./Starlink-RUTOS-Failover/99-pushover_notify-rutos.sh: SC3043: In POSIX sh, 'local' is undefined.
[MAJOR] ./Starlink-RUTOS-Failover/99-pushover_notify-rutos.sh: SC3043: In POSIX sh, 'local' is undefined.
[MAJOR] ./Starlink-RUTOS-Failover/99-pushover_notify-rutos.sh: SC3043: In POSIX sh, 'local' is undefined.
[MAJOR] ./Starlink-RUTOS-Failover/99-pushover_notify-rutos.sh: SC3043: In POSIX sh, 'local' is undefined.
[MAJOR] ./Starlink-RUTOS-Failover/99-pushover_notify-rutos.sh: SC3043: In POSIX sh, 'local' is undefined.
[MAJOR] ./Starlink-RUTOS-Failover/99-pushover_notify-rutos.sh: SC3043: In POSIX sh, 'local' is undefined.
[MAJOR] ./Starlink-RUTOS-Failover/99-pushover_notify-rutos.sh: SC3043: In POSIX sh, 'local' is undefined.
[MAJOR] ./Starlink-RUTOS-Failover/99-pushover_notify-rutos.sh: SC3043: In POSIX sh, 'local' is undefined.
[MAJOR] ./Starlink-RUTOS-Failover/99-pushover_notify-rutos.sh: SC3043: In POSIX sh, 'local' is undefined.
[MAJOR] ./Starlink-RUTOS-Failover/99-pushover_notify-rutos.sh: SC3043: In POSIX sh, 'local' is undefined.
[MAJOR] ./Starlink-RUTOS-Failover/99-pushover_notify-rutos.sh: SC3043: In POSIX sh, 'local' is undefined.
[MAJOR] ./Starlink-RUTOS-Failover/99-pushover_notify-rutos.sh: SC3043: In POSIX sh, 'local' is undefined.
[MAJOR] ./Starlink-RUTOS-Failover/99-pushover_notify-rutos.sh: SC3043: In POSIX sh, 'local' is undefined.
[MAJOR] ./Starlink-RUTOS-Failover/99-pushover_notify-rutos.sh: SC3043: In POSIX sh, 'local' is undefined.
[MAJOR] ./Starlink-RUTOS-Failover/99-pushover_notify-rutos.sh: SC3043: In POSIX sh, 'local' is undefined.
[MAJOR] ./Starlink-RUTOS-Failover/99-pushover_notify-rutos.sh: SC3043: In POSIX sh, 'local' is undefined.
[MAJOR] ./Starlink-RUTOS-Failover/99-pushover_notify-rutos.sh: SC3043: In POSIX sh, 'local' is undefined.
[MAJOR] ./Starlink-RUTOS-Failover/99-pushover_notify-rutos.sh: SC3043: In POSIX sh, 'local' is undefined.
[MAJOR] ./Starlink-RUTOS-Failover/99-pushover_notify-rutos.sh: SC3043: In POSIX sh, 'local' is undefined.
[MAJOR] ./Starlink-RUTOS-Failover/99-pushover_notify-rutos.sh: SC3043: In POSIX sh, 'local' is undefined.
[MAJOR] ./Starlink-RUTOS-Failover/99-pushover_notify-rutos.sh: SC3043: In POSIX sh, 'local' is undefined.
[MAJOR] ./Starlink-RUTOS-Failover/99-pushover_notify-rutos.sh: SC3043: In POSIX sh, 'local' is undefined.
[MAJOR] ./Starlink-RUTOS-Failover/99-pushover_notify-rutos.sh: SC3043: In POSIX sh, 'local' is undefined.
[MAJOR] ./Starlink-RUTOS-Failover/99-pushover_notify-rutos.sh: SC3043: In POSIX sh, 'local' is undefined.
[MAJOR] ./Starlink-RUTOS-Failover/99-pushover_notify-rutos.sh: SC3040:   https://www.shellcheck.net/wiki/SC3040 -- In POSIX sh, set option pipefail ...
[MAJOR] ./Starlink-RUTOS-Failover/99-pushover_notify-rutos.sh: SC3043:   https://www.shellcheck.net/wiki/SC3043 -- In POSIX sh, 'local' is undefined.
[ERROR] [2025-07-17 21:49:09] Γ£ù ./Starlink-RUTOS-Failover/99-pushover_notify-rutos.sh: 85 issues found
[STEP] [2025-07-17 21:49:09] Validating: ./Starlink-RUTOS-Failover/AzureLogging/complete-setup-rutos.sh
[INFO] [2025-07-17 21:49:09] Applied auto-fixes to ./Starlink-RUTOS-Failover/AzureLogging/complete-setup-rutos.sh
[SUCCESS] [2025-07-17 21:49:09] Γ£ô ./Starlink-RUTOS-Failover/AzureLogging/complete-setup-rutos.sh: All checks passed
[STEP] [2025-07-17 21:49:09] Validating: ./Starlink-RUTOS-Failover/AzureLogging/log-shipper-rutos.sh
[INFO] [2025-07-17 21:49:09] Applied auto-fixes to ./Starlink-RUTOS-Failover/AzureLogging/log-shipper-rutos.sh
[SUCCESS] [2025-07-17 21:49:09] Γ£ô ./Starlink-RUTOS-Failover/AzureLogging/log-shipper-rutos.sh: All checks passed
[STEP] [2025-07-17 21:49:09] Validating: ./Starlink-RUTOS-Failover/AzureLogging/setup-analysis-environment.sh
[INFO] [2025-07-17 21:49:09] Applied auto-fixes to ./Starlink-RUTOS-Failover/AzureLogging/setup-analysis-environment.sh
[SUCCESS] [2025-07-17 21:49:09] Γ£ô ./Starlink-RUTOS-Failover/AzureLogging/setup-analysis-environment.sh: All checks passed
[STEP] [2025-07-17 21:49:09] Validating: ./Starlink-RUTOS-Failover/AzureLogging/setup-persistent-logging-rutos.sh
[INFO] [2025-07-17 21:49:09] Applied auto-fixes to ./Starlink-RUTOS-Failover/AzureLogging/setup-persistent-logging-rutos.sh
[SUCCESS] [2025-07-17 21:49:10] Γ£ô ./Starlink-RUTOS-Failover/AzureLogging/setup-persistent-logging-rutos.sh: All checks passed
[STEP] [2025-07-17 21:49:10] Validating: ./Starlink-RUTOS-Failover/AzureLogging/starlink-azure-monitor-rutos.sh
[INFO] [2025-07-17 21:49:10] Applied auto-fixes to ./Starlink-RUTOS-Failover/AzureLogging/starlink-azure-monitor-rutos.sh
[SUCCESS] [2025-07-17 21:49:10] Γ£ô ./Starlink-RUTOS-Failover/AzureLogging/starlink-azure-monitor-rutos.sh: All checks passed
[STEP] [2025-07-17 21:49:10] Validating: ./Starlink-RUTOS-Failover/AzureLogging/test-azure-logging-rutos.sh
[INFO] [2025-07-17 21:49:10] Applied auto-fixes to ./Starlink-RUTOS-Failover/AzureLogging/test-azure-logging-rutos.sh
[SUCCESS] [2025-07-17 21:49:10] Γ£ô ./Starlink-RUTOS-Failover/AzureLogging/test-azure-logging-rutos.sh: All checks passed
[STEP] [2025-07-17 21:49:11] Validating: ./Starlink-RUTOS-Failover/AzureLogging/unified-azure-setup-rutos.sh
[INFO] [2025-07-17 21:49:11] Applied auto-fixes to ./Starlink-RUTOS-Failover/AzureLogging/unified-azure-setup-rutos.sh
[SUCCESS] [2025-07-17 21:49:11] Γ£ô ./Starlink-RUTOS-Failover/AzureLogging/unified-azure-setup-rutos.sh: All checks passed
[STEP] [2025-07-17 21:49:11] Validating: ./Starlink-RUTOS-Failover/AzureLogging/verify-azure-setup-rutos.sh
[INFO] [2025-07-17 21:49:11] Applied auto-fixes to ./Starlink-RUTOS-Failover/AzureLogging/verify-azure-setup-rutos.sh
[SUCCESS] [2025-07-17 21:49:12] Γ£ô ./Starlink-RUTOS-Failover/AzureLogging/verify-azure-setup-rutos.sh: All checks passed
[STEP] [2025-07-17 21:49:12] Validating: ./Starlink-RUTOS-Failover/check_starlink_api-rutos.sh
[INFO] [2025-07-17 21:49:12] Applied auto-fixes to ./Starlink-RUTOS-Failover/check_starlink_api-rutos.sh
[SUCCESS] [2025-07-17 21:49:12] Γ£ô ./Starlink-RUTOS-Failover/check_starlink_api-rutos.sh: All checks passed
[STEP] [2025-07-17 21:49:12] Validating: ./Starlink-RUTOS-Failover/generate_api_docs.sh
[INFO] [2025-07-17 21:49:13] Applied auto-fixes to ./Starlink-RUTOS-Failover/generate_api_docs.sh
[WARNING] [2025-07-17 21:49:13] ./Starlink-RUTOS-Failover/generate_api_docs.sh: ShellCheck found issues

In ./Starlink-RUTOS-Failover/generate_api_docs.sh line 35:
	RED=""
        ^-^ SC2034 (warning): RED appears unused. Verify use (or export if used externally).


In ./Starlink-RUTOS-Failover/generate_api_docs.sh line 36:
	GREEN=""
        ^---^ SC2034 (warning): GREEN appears unused. Verify use (or export if used externally).

[MAJOR] ./Starlink-RUTOS-Failover/generate_api_docs.sh: SC2034: RED appears unused. Verify use (or export if used externally).
[MAJOR] ./Starlink-RUTOS-Failover/generate_api_docs.sh: SC2034: GREEN appears unused. Verify use (or export if used externally).
[MAJOR] ./Starlink-RUTOS-Failover/generate_api_docs.sh: SC2034: YELLOW appears unused. Verify use (or export if used externally).
[MAJOR] ./Starlink-RUTOS-Failover/generate_api_docs.sh: SC2034: BLUE appears unused. Verify use (or export if used externally).
[MAJOR] ./Starlink-RUTOS-Failover/generate_api_docs.sh: SC2034: CYAN appears unused. Verify use (or export if used externally).
[MAJOR] ./Starlink-RUTOS-Failover/generate_api_docs.sh: SC2034: NC appears unused. Verify use (or export if used externally).
[MAJOR] ./Starlink-RUTOS-Failover/generate_api_docs.sh: SC2034:   https://www.shellcheck.net/wiki/SC2034 -- BLUE appears unused. Verify use (...
[ERROR] [2025-07-17 21:49:13] Γ£ù ./Starlink-RUTOS-Failover/generate_api_docs.sh: 7 issues found
[STEP] [2025-07-17 21:49:13] Validating: ./Starlink-RUTOS-Failover/starlink_logger-rutos.sh
[INFO] [2025-07-17 21:49:13] Applied auto-fixes to ./Starlink-RUTOS-Failover/starlink_logger-rutos.sh
[SUCCESS] [2025-07-17 21:49:13] Γ£ô ./Starlink-RUTOS-Failover/starlink_logger-rutos.sh: All checks passed
[STEP] [2025-07-17 21:49:13] Validating: ./Starlink-RUTOS-Failover/starlink_monitor-rutos.sh
[INFO] [2025-07-17 21:49:13] Applied auto-fixes to ./Starlink-RUTOS-Failover/starlink_monitor-rutos.sh
[SUCCESS] [2025-07-17 21:49:14] Γ£ô ./Starlink-RUTOS-Failover/starlink_monitor-rutos.sh: All checks passed
[STEP] [2025-07-17 21:49:14] Validating: ./Starlink-RUTOS-Failover/starlink_monitor_old.sh
[INFO] [2025-07-17 21:49:14] Applied auto-fixes to ./Starlink-RUTOS-Failover/starlink_monitor_old.sh
[SUCCESS] [2025-07-17 21:49:14] Γ£ô ./Starlink-RUTOS-Failover/starlink_monitor_old.sh: All checks passed
[STEP] [2025-07-17 21:49:14] Validating: ./config/config.advanced.template.sh
[INFO] [2025-07-17 21:49:14] Applied auto-fixes to ./config/config.advanced.template.sh
[SUCCESS] [2025-07-17 21:49:14] Γ£ô ./config/config.advanced.template.sh: All checks passed
[STEP] [2025-07-17 21:49:14] Validating: ./config/config.template.sh
[INFO] [2025-07-17 21:49:14] Applied auto-fixes to ./config/config.template.sh
[SUCCESS] [2025-07-17 21:49:14] Γ£ô ./config/config.template.sh: All checks passed
[STEP] [2025-07-17 21:49:14] Validating: ./debug-config.sh
[INFO] [2025-07-17 21:49:14] Applied auto-fixes to ./debug-config.sh
[SUCCESS] [2025-07-17 21:49:14] Γ£ô ./debug-config.sh: All checks passed
[STEP] [2025-07-17 21:49:14] Validating: ./debug-extract.sh
[INFO] [2025-07-17 21:49:14] Applied auto-fixes to ./debug-extract.sh
[SUCCESS] [2025-07-17 21:49:14] Γ£ô ./debug-extract.sh: All checks passed
[STEP] [2025-07-17 21:49:14] Validating: ./debug-merge-direct.sh
[INFO] [2025-07-17 21:49:14] Applied auto-fixes to ./debug-merge-direct.sh
[WARNING] [2025-07-17 21:49:15] ./debug-merge-direct.sh: ShellCheck found issues

In ./debug-merge-direct.sh line 21:
cat /tmp/debug-test/merged-config.sh | grep -E "(STARLINK_GRPC_HOST|MONITORING_INTERVAL|LOG_LEVEL)="
    ^-- SC2002 (style): Useless cat. Consider 'cmd < file | ..' or 'cmd file | ..' instead.

For more information:
  https://www.shellcheck.net/wiki/SC2002 -- Useless cat. Consider 'cmd < file...
[MAJOR] ./debug-merge-direct.sh: SC2002: Useless cat. Consider 'cmd < file | ..' or 'cmd file | ..' instead.
[MAJOR] ./debug-merge-direct.sh: SC2002:   https://www.shellcheck.net/wiki/SC2002 -- Useless cat. Consider 'cmd < file...
[ERROR] [2025-07-17 21:49:15] Γ£ù ./debug-merge-direct.sh: 2 issues found
[STEP] [2025-07-17 21:49:15] Validating: ./debug-minimal.sh
[INFO] [2025-07-17 21:49:15] Applied auto-fixes to ./debug-minimal.sh
[CRITICAL] ./debug-minimal.sh:6 Uses 'local' keyword - not supported in busybox
[CRITICAL] ./debug-minimal.sh:7 Uses 'local' keyword - not supported in busybox
[CRITICAL] ./debug-minimal.sh:17 Uses 'local' keyword - not supported in busybox
[CRITICAL] ./debug-minimal.sh:18 Uses 'local' keyword - not supported in busybox
[ERROR] [2025-07-17 21:49:15] Γ£ù ./debug-minimal.sh: 4 issues found
[STEP] [2025-07-17 21:49:15] Validating: ./debug-simple.sh
[INFO] [2025-07-17 21:49:15] Applied auto-fixes to ./debug-simple.sh
[WARNING] [2025-07-17 21:49:15] ./debug-simple.sh: ShellCheck found issues

In ./debug-simple.sh line 6:
cd /tmp/debug-test
^----------------^ SC2164 (warning): Use 'cd ... || exit' or 'cd ... || return' in case cd fails.

Did you mean: 
cd /tmp/debug-test || exit


In ./debug-simple.sh line 18:
[MAJOR] ./debug-simple.sh: SC2164: Use 'cd ... || exit' or 'cd ... || return' in case cd fails.
[MAJOR] ./debug-simple.sh: SC2164: Use 'cd ... || exit' or 'cd ... || return' in case cd fails.
[MAJOR] ./debug-simple.sh: SC2002: Useless cat. Consider 'cmd < file | ..' or 'cmd file | ..' instead.
[MAJOR] ./debug-simple.sh: SC2164:   https://www.shellcheck.net/wiki/SC2164 -- Use 'cd ... || exit' or 'cd ... |...
[MAJOR] ./debug-simple.sh: SC2002:   https://www.shellcheck.net/wiki/SC2002 -- Useless cat. Consider 'cmd < file...
[ERROR] [2025-07-17 21:49:15] Γ£ù ./debug-simple.sh: 5 issues found
[STEP] [2025-07-17 21:49:15] Validating: ./debug-variable-exists.sh
[INFO] [2025-07-17 21:49:15] Applied auto-fixes to ./debug-variable-exists.sh
[SUCCESS] [2025-07-17 21:49:15] Γ£ô ./debug-variable-exists.sh: All checks passed
[STEP] [2025-07-17 21:49:15] Validating: ./deploy-starlink-solution-rutos.sh
[INFO] [2025-07-17 21:49:15] Applied auto-fixes to ./deploy-starlink-solution-rutos.sh
[SUCCESS] [2025-07-17 21:49:17] Γ£ô ./deploy-starlink-solution-rutos.sh: All checks passed
[STEP] [2025-07-17 21:49:17] Validating: ./deploy-starlink-solution.sh
[INFO] [2025-07-17 21:49:17] Applied auto-fixes to ./deploy-starlink-solution.sh
[SUCCESS] [2025-07-17 21:49:18] Γ£ô ./deploy-starlink-solution.sh: All checks passed
[STEP] [2025-07-17 21:49:18] Validating: ./fix-check-interval.sh
[INFO] [2025-07-17 21:49:18] Applied auto-fixes to ./fix-check-interval.sh
[SUCCESS] [2025-07-17 21:49:18] Γ£ô ./fix-check-interval.sh: All checks passed
[STEP] [2025-07-17 21:49:18] Validating: ./fix-markdown-issues.sh
[INFO] [2025-07-17 21:49:18] Applied auto-fixes to ./fix-markdown-issues.sh
[WARNING] [2025-07-17 21:49:18] ./fix-markdown-issues.sh: ShellCheck found issues

In ./fix-markdown-issues.sh line 17:
	CYAN=""
        ^--^ SC2034 (warning): CYAN appears unused. Verify use (or export if used externally).


In ./fix-markdown-issues.sh line 48:
	sed 's/^```$/```text/' "$file" >"$temp_file"
            ^----------------^ SC2016 (info): Expressions don't expand in single quotes, use double quotes for that.

[MAJOR] ./fix-markdown-issues.sh: SC2034: CYAN appears unused. Verify use (or export if used externally).
[MAJOR] ./fix-markdown-issues.sh: SC2016: Expressions don't expand in single quotes, use double quotes for that.
[MAJOR] ./fix-markdown-issues.sh: SC2034:   https://www.shellcheck.net/wiki/SC2034 -- CYAN appears unused. Verify use (...
[MAJOR] ./fix-markdown-issues.sh: SC2016:   https://www.shellcheck.net/wiki/SC2016 -- Expressions don't expand in singl...
[ERROR] [2025-07-17 21:49:18] Γ£ù ./fix-markdown-issues.sh: 4 issues found
[STEP] [2025-07-17 21:49:19] Validating: ./scripts/check-security.sh
[INFO] [2025-07-17 21:49:19] Applied auto-fixes to ./scripts/check-security.sh
[SUCCESS] [2025-07-17 21:49:19] Γ£ô ./scripts/check-security.sh: All checks passed
[STEP] [2025-07-17 21:49:19] Validating: ./scripts/check_starlink_api_change.sh
[INFO] [2025-07-17 21:49:19] Auto-fixing shell script formatting: ./scripts/check_starlink_api_change.sh
./scripts/check_starlink_api_change.sh:5:1: if statement must end with "fi"
[MAJOR] ./scripts/check_starlink_api_change.sh:1 Uses bash shebang - should use #!/bin/sh for RUTOS compatibility
[WARNING] [2025-07-17 21:49:19] ./scripts/check_starlink_api_change.sh: ShellCheck found issues

In ./scripts/check_starlink_api_change.sh line 5:
if [ -t 1 ] && [ "${TERM:-}" != "dumb" ] && [ "${NO_COLOR:-}" != "1" ]; then
^-- SC1046 (error): Couldn't find 'fi' for this 'if'.
^-- SC1073 (error): Couldn't parse this if expression. Fix to allow more checks.


In ./scripts/check_starlink_api_change.sh line 81:

^-- SC1047 (error): Expected 'fi' matching previously mentioned 'if'.
[MAJOR] ./scripts/check_starlink_api_change.sh: SC1046: Couldn't find 'fi' for this 'if'.
[MAJOR] ./scripts/check_starlink_api_change.sh: SC1073: Couldn't parse this if expression. Fix to allow more checks.
[MAJOR] ./scripts/check_starlink_api_change.sh: SC1047: Expected 'fi' matching previously mentioned 'if'.
[MAJOR] ./scripts/check_starlink_api_change.sh: SC1072: Expected 'fi'. Fix any mentioned problems and try again.
[MAJOR] ./scripts/check_starlink_api_change.sh: SC1046:   https://www.shellcheck.net/wiki/SC1046 -- Couldn't find 'fi' for this 'if'.
[MAJOR] ./scripts/check_starlink_api_change.sh: SC1047:   https://www.shellcheck.net/wiki/SC1047 -- Expected 'fi' matching previously...
[MAJOR] ./scripts/check_starlink_api_change.sh: SC1072:   https://www.shellcheck.net/wiki/SC1072 -- Expected 'fi'. Fix any mentioned ...
[ERROR] [2025-07-17 21:49:19] Γ£ù ./scripts/check_starlink_api_change.sh: 8 issues found
[STEP] [2025-07-17 21:49:19] Validating: ./scripts/health-check-rutos.sh
[INFO] [2025-07-17 21:49:19] Applied auto-fixes to ./scripts/health-check-rutos.sh
[SUCCESS] [2025-07-17 21:49:20] Γ£ô ./scripts/health-check-rutos.sh: All checks passed
[STEP] [2025-07-17 21:49:20] Validating: ./scripts/install-rutos.sh
[INFO] [2025-07-17 21:49:20] Applied auto-fixes to ./scripts/install-rutos.sh
[SUCCESS] [2025-07-17 21:49:20] Γ£ô ./scripts/install-rutos.sh: All checks passed
[STEP] [2025-07-17 21:49:20] Validating: ./scripts/merge-config-rutos.sh
[INFO] [2025-07-17 21:49:20] Applied auto-fixes to ./scripts/merge-config-rutos.sh
[SUCCESS] [2025-07-17 21:49:21] Γ£ô ./scripts/merge-config-rutos.sh: All checks passed
[STEP] [2025-07-17 21:49:21] Validating: ./scripts/placeholder-utils.sh
[INFO] [2025-07-17 21:49:21] Applied auto-fixes to ./scripts/placeholder-utils.sh
[SUCCESS] [2025-07-17 21:49:21] Γ£ô ./scripts/placeholder-utils.sh: All checks passed
[STEP] [2025-07-17 21:49:21] Validating: ./scripts/self-update-rutos.sh
[INFO] [2025-07-17 21:49:21] Applied auto-fixes to ./scripts/self-update-rutos.sh
[SUCCESS] [2025-07-17 21:49:21] Γ£ô ./scripts/self-update-rutos.sh: All checks passed
[STEP] [2025-07-17 21:49:21] Validating: ./scripts/setup-dev-environment.sh
[INFO] [2025-07-17 21:49:21] Applied auto-fixes to ./scripts/setup-dev-environment.sh
[SUCCESS] [2025-07-17 21:49:21] Γ£ô ./scripts/setup-dev-environment.sh: All checks passed
[STEP] [2025-07-17 21:49:21] Validating: ./scripts/system-status-rutos.sh
[INFO] [2025-07-17 21:49:21] Applied auto-fixes to ./scripts/system-status-rutos.sh
[WARNING] [2025-07-17 21:49:22] ./scripts/system-status-rutos.sh: ShellCheck found issues

In ./scripts/system-status-rutos.sh line 127:
		. "$script_dir/placeholder-utils.sh"
                  ^-- SC1091 (info): Not following: ./placeholder-utils.sh was not specified as input (see shellcheck -x).


In ./scripts/system-status-rutos.sh line 136:
	. "$CONFIG_FILE"
          ^------------^ SC1090 (warning): ShellCheck can't follow non-constant source. Use a directive to specify location.

[MAJOR] ./scripts/system-status-rutos.sh: SC1091: Not following: ./placeholder-utils.sh was not specified as input (see shellcheck -x).
[MAJOR] ./scripts/system-status-rutos.sh: SC1090: ShellCheck can't follow non-constant source. Use a directive to specify location.
[MAJOR] ./scripts/system-status-rutos.sh: SC1090:   https://www.shellcheck.net/wiki/SC1090 -- ShellCheck can't follow non-const...
[MAJOR] ./scripts/system-status-rutos.sh: SC1091: ./placeholder-util...
[ERROR] [2025-07-17 21:49:22] Γ£ù ./scripts/system-status-rutos.sh: 4 issues found
[STEP] [2025-07-17 21:49:22] Validating: ./scripts/test-connectivity-rutos.sh
[INFO] [2025-07-17 21:49:22] Applied auto-fixes to ./scripts/test-connectivity-rutos.sh
[WARNING] [2025-07-17 21:49:22] ./scripts/test-connectivity-rutos.sh: ShellCheck found issues

In ./scripts/test-connectivity-rutos.sh line 111:
	. "$CONFIG_FILE"
          ^------------^ SC1090 (warning): ShellCheck can't follow non-constant source. Use a directive to specify location.

For more information:
  https://www.shellcheck.net/wiki/SC1090 -- ShellCheck can't follow non-const...
[MAJOR] ./scripts/test-connectivity-rutos.sh: SC1090: ShellCheck can't follow non-constant source. Use a directive to specify location.
[MAJOR] ./scripts/test-connectivity-rutos.sh: SC1090:   https://www.shellcheck.net/wiki/SC1090 -- ShellCheck can't follow non-const...
[ERROR] [2025-07-17 21:49:23] Γ£ù ./scripts/test-connectivity-rutos.sh: 2 issues found
[STEP] [2025-07-17 21:49:23] Validating: ./scripts/test-monitoring-rutos.sh
[INFO] [2025-07-17 21:49:23] Applied auto-fixes to ./scripts/test-monitoring-rutos.sh
[WARNING] [2025-07-17 21:49:23] ./scripts/test-monitoring-rutos.sh: ShellCheck found issues

In ./scripts/test-monitoring-rutos.sh line 64:
	. "$CONFIG_FILE"
          ^------------^ SC1090 (warning): ShellCheck can't follow non-constant source. Use a directive to specify location.


In ./scripts/test-monitoring-rutos.sh line 117:
		. "$script_dir/placeholder-utils.sh"
                  ^-- SC1091 (info): Not following: ./placeholder-utils.sh was not specified as input (see shellcheck -x).

[MAJOR] ./scripts/test-monitoring-rutos.sh: SC1090: ShellCheck can't follow non-constant source. Use a directive to specify location.
[MAJOR] ./scripts/test-monitoring-rutos.sh: SC1091: Not following: ./placeholder-utils.sh was not specified as input (see shellcheck -x).
[MAJOR] ./scripts/test-monitoring-rutos.sh: SC1090: ShellCheck can't follow non-constant source. Use a directive to specify location.
[MAJOR] ./scripts/test-monitoring-rutos.sh: SC1090:   https://www.shellcheck.net/wiki/SC1090 -- ShellCheck can't follow non-const...
[MAJOR] ./scripts/test-monitoring-rutos.sh: SC1091: ./placeholder-util...
[ERROR] [2025-07-17 21:49:23] Γ£ù ./scripts/test-monitoring-rutos.sh: 5 issues found
[STEP] [2025-07-17 21:49:23] Validating: ./scripts/test-pushover-rutos.sh
[INFO] [2025-07-17 21:49:23] Applied auto-fixes to ./scripts/test-pushover-rutos.sh
[WARNING] [2025-07-17 21:49:24] ./scripts/test-pushover-rutos.sh: ShellCheck found issues

In ./scripts/test-pushover-rutos.sh line 69:
		. "$script_dir/placeholder-utils.sh"
                  ^-- SC1091 (info): Not following: ./placeholder-utils.sh was not specified as input (see shellcheck -x).


In ./scripts/test-pushover-rutos.sh line 78:
	. "$CONFIG_FILE"
          ^------------^ SC1090 (warning): ShellCheck can't follow non-constant source. Use a directive to specify location.

[MAJOR] ./scripts/test-pushover-rutos.sh: SC1091: Not following: ./placeholder-utils.sh was not specified as input (see shellcheck -x).
[MAJOR] ./scripts/test-pushover-rutos.sh: SC1090: ShellCheck can't follow non-constant source. Use a directive to specify location.
[MAJOR] ./scripts/test-pushover-rutos.sh: SC1090:   https://www.shellcheck.net/wiki/SC1090 -- ShellCheck can't follow non-const...
[MAJOR] ./scripts/test-pushover-rutos.sh: SC1091: ./placeholder-util...
[ERROR] [2025-07-17 21:49:24] Γ£ù ./scripts/test-pushover-rutos.sh: 4 issues found
[STEP] [2025-07-17 21:49:24] Validating: ./scripts/uci-optimizer-rutos.sh
[INFO] [2025-07-17 21:49:24] Applied auto-fixes to ./scripts/uci-optimizer-rutos.sh
[SUCCESS] [2025-07-17 21:49:24] Γ£ô ./scripts/uci-optimizer-rutos.sh: All checks passed
[STEP] [2025-07-17 21:49:24] Validating: ./scripts/update-config-rutos.sh
[INFO] [2025-07-17 21:49:24] Applied auto-fixes to ./scripts/update-config-rutos.sh
[SUCCESS] [2025-07-17 21:49:25] Γ£ô ./scripts/update-config-rutos.sh: All checks passed
[STEP] [2025-07-17 21:49:25] Validating: ./scripts/update-version.sh
[INFO] [2025-07-17 21:49:25] Applied auto-fixes to ./scripts/update-version.sh
[SUCCESS] [2025-07-17 21:49:25] Γ£ô ./scripts/update-version.sh: All checks passed
[STEP] [2025-07-17 21:49:25] Validating: ./scripts/upgrade-rutos.sh
[INFO] [2025-07-17 21:49:25] Applied auto-fixes to ./scripts/upgrade-rutos.sh
[SUCCESS] [2025-07-17 21:49:25] Γ£ô ./scripts/upgrade-rutos.sh: All checks passed
[STEP] [2025-07-17 21:49:25] Validating: ./scripts/upgrade-to-advanced-rutos.sh
[INFO] [2025-07-17 21:49:25] Applied auto-fixes to ./scripts/upgrade-to-advanced-rutos.sh
[SUCCESS] [2025-07-17 21:49:26] Γ£ô ./scripts/upgrade-to-advanced-rutos.sh: All checks passed
[STEP] [2025-07-17 21:49:26] Validating: ./scripts/validate-config-rutos.sh
[INFO] [2025-07-17 21:49:26] Applied auto-fixes to ./scripts/validate-config-rutos.sh
[SUCCESS] [2025-07-17 21:49:28] Γ£ô ./scripts/validate-config-rutos.sh: All checks passed
[STEP] [2025-07-17 21:49:28] Validating: ./test-config-merge.sh
[INFO] [2025-07-17 21:49:28] Applied auto-fixes to ./test-config-merge.sh
[SUCCESS] [2025-07-17 21:49:28] Γ£ô ./test-config-merge.sh: All checks passed
[STEP] [2025-07-17 21:49:28] Validating: ./test-merge-enhanced.sh
[INFO] [2025-07-17 21:49:28] Applied auto-fixes to ./test-merge-enhanced.sh
[SUCCESS] [2025-07-17 21:49:28] Γ£ô ./test-merge-enhanced.sh: All checks passed
[STEP] [2025-07-17 21:49:28] Validating: ./test_config.sh
[INFO] [2025-07-17 21:49:28] Applied auto-fixes to ./test_config.sh
[SUCCESS] [2025-07-17 21:49:28] Γ£ô ./test_config.sh: All checks passed
[STEP] [2025-07-17 21:49:28] Validating: ./test_template_detection.sh
[INFO] [2025-07-17 21:49:28] Applied auto-fixes to ./test_template_detection.sh
[SUCCESS] [2025-07-17 21:49:29] Γ£ô ./test_template_detection.sh: All checks passed
[STEP] [2025-07-17 21:49:29] Validating: ./tests/audit-rutos-compatibility.sh
[INFO] [2025-07-17 21:49:29] Applied auto-fixes to ./tests/audit-rutos-compatibility.sh
[SUCCESS] [2025-07-17 21:49:29] Γ£ô ./tests/audit-rutos-compatibility.sh: All checks passed
[STEP] [2025-07-17 21:49:29] Validating: ./tests/rutos-compatibility-test.sh
[INFO] [2025-07-17 21:49:29] Applied auto-fixes to ./tests/rutos-compatibility-test.sh
[SUCCESS] [2025-07-17 21:49:29] Γ£ô ./tests/rutos-compatibility-test.sh: All checks passed
[STEP] [2025-07-17 21:49:29] Validating: ./tests/test-comprehensive-scenarios.sh
[INFO] [2025-07-17 21:49:29] Applied auto-fixes to ./tests/test-comprehensive-scenarios.sh
[SUCCESS] [2025-07-17 21:49:30] Γ£ô ./tests/test-comprehensive-scenarios.sh: All checks passed
[STEP] [2025-07-17 21:49:30] Validating: ./tests/test-core-logic.sh
[INFO] [2025-07-17 21:49:30] Applied auto-fixes to ./tests/test-core-logic.sh
[SUCCESS] [2025-07-17 21:49:30] Γ£ô ./tests/test-core-logic.sh: All checks passed
[STEP] [2025-07-17 21:49:30] Validating: ./tests/test-deployment-functions.sh
[INFO] [2025-07-17 21:49:30] Applied auto-fixes to ./tests/test-deployment-functions.sh
[SUCCESS] [2025-07-17 21:49:31] Γ£ô ./tests/test-deployment-functions.sh: All checks passed
[STEP] [2025-07-17 21:49:31] Validating: ./tests/test-final-verification.sh
[INFO] [2025-07-17 21:49:31] Applied auto-fixes to ./tests/test-final-verification.sh
[SUCCESS] [2025-07-17 21:49:31] Γ£ô ./tests/test-final-verification.sh: All checks passed
[STEP] [2025-07-17 21:49:31] Validating: ./tests/test-suite.sh
[INFO] [2025-07-17 21:49:31] Applied auto-fixes to ./tests/test-suite.sh
[SUCCESS] [2025-07-17 21:49:31] Γ£ô ./tests/test-suite.sh: All checks passed
[STEP] [2025-07-17 21:49:31] Validating: ./tests/test-validation-features.sh
[INFO] [2025-07-17 21:49:31] Applied auto-fixes to ./tests/test-validation-features.sh
[SUCCESS] [2025-07-17 21:49:32] Γ£ô ./tests/test-validation-features.sh: All checks passed
[STEP] [2025-07-17 21:49:32] Validating: ./tests/test-validation-fix.sh
[INFO] [2025-07-17 21:49:32] Applied auto-fixes to ./tests/test-validation-fix.sh
[SUCCESS] [2025-07-17 21:49:32] Γ£ô ./tests/test-validation-fix.sh: All checks passed
[STEP] [2025-07-17 21:49:32] Validating: ./tests/verify-deployment-script.sh
[INFO] [2025-07-17 21:49:32] Applied auto-fixes to ./tests/verify-deployment-script.sh
[SUCCESS] [2025-07-17 21:49:32] Γ£ô ./tests/verify-deployment-script.sh: All checks passed
[STEP] [2025-07-17 21:49:32] Validating: ./tests/verify-deployment.sh
[INFO] [2025-07-17 21:49:32] Applied auto-fixes to ./tests/verify-deployment.sh
[SUCCESS] [2025-07-17 21:49:32] Γ£ô ./tests/verify-deployment.sh: All checks passed
[INFO] [2025-07-17 21:49:32] Validating markdown files
[STEP] [2025-07-17 21:49:32] Validating: ./.github/ISSUE_TEMPLATE/bug_report.md
[INFO] [2025-07-17 21:49:33] Applied auto-fixes to ./.github/ISSUE_TEMPLATE/bug_report.md
[SUCCESS] [2025-07-17 21:49:33] Γ£ô ./.github/ISSUE_TEMPLATE/bug_report.md: All checks passed
[STEP] [2025-07-17 21:49:33] Validating: ./.github/copilot-instructions.md
[INFO] [2025-07-17 21:49:34] Applied auto-fixes to ./.github/copilot-instructions.md
[WARNING] [2025-07-17 21:49:34] ./.github/copilot-instructions.md: markdownlint found issues
[MAJOR] ./.github/copilot-instructions.md:173 MD040:/fenced-code-language Fenced code blocks should have a language specified [Context: "````"]
[MAJOR] ./.github/copilot-instructions.md:642 MD040:/fenced-code-language Fenced code blocks should have a language specified [Context: "```"]
[MAJOR] ./.github/copilot-instructions.md:653 MD040:/fenced-code-language Fenced code blocks should have a language specified [Context: "```"]
[MAJOR] ./.github/copilot-instructions.md:709 MD040:/fenced-code-language Fenced code blocks should have a language specified [Context: "```"]
[ERROR] [2025-07-17 21:49:34] Γ£ù ./.github/copilot-instructions.md: 4 issues found
[STEP] [2025-07-17 21:49:34] Validating: ./.github/improvement-actionlist.md
[INFO] [2025-07-17 21:49:35] Applied auto-fixes to ./.github/improvement-actionlist.md
[SUCCESS] [2025-07-17 21:49:35] Γ£ô ./.github/improvement-actionlist.md: All checks passed
[STEP] [2025-07-17 21:49:35] Validating: ./CLEANUP_SUMMARY.md
[INFO] [2025-07-17 21:49:35] Applied auto-fixes to ./CLEANUP_SUMMARY.md
[WARNING] [2025-07-17 21:49:36] ./CLEANUP_SUMMARY.md: markdownlint found issues
[MAJOR] ./CLEANUP_SUMMARY.md:88 MD040:/fenced-code-language Fenced code blocks should have a language specified [Context: "```"]
[MAJOR] ./CLEANUP_SUMMARY.md:127 MD024:/no-duplicate-heading/no-duplicate-header Multiple headings with the same content [Context: "## What Was Preserved"]
[ERROR] [2025-07-17 21:49:36] Γ£ù ./CLEANUP_SUMMARY.md: 2 issues found
[STEP] [2025-07-17 21:49:36] Validating: ./CONFIGURATION_MANAGEMENT.md
[INFO] [2025-07-17 21:49:36] Applied auto-fixes to ./CONFIGURATION_MANAGEMENT.md
[SUCCESS] [2025-07-17 21:49:37] Γ£ô ./CONFIGURATION_MANAGEMENT.md: All checks passed
[STEP] [2025-07-17 21:49:37] Validating: ./DEPLOYMENT-GUIDE.md
[INFO] [2025-07-17 21:49:37] Applied auto-fixes to ./DEPLOYMENT-GUIDE.md
[SUCCESS] [2025-07-17 21:49:38] Γ£ô ./DEPLOYMENT-GUIDE.md: All checks passed
[STEP] [2025-07-17 21:49:38] Validating: ./DEPLOYMENT-READY.md
[INFO] [2025-07-17 21:49:38] Applied auto-fixes to ./DEPLOYMENT-READY.md
[SUCCESS] [2025-07-17 21:49:38] Γ£ô ./DEPLOYMENT-READY.md: All checks passed
[STEP] [2025-07-17 21:49:38] Validating: ./DEPLOYMENT_SUMMARY.md
[INFO] [2025-07-17 21:49:39] Applied auto-fixes to ./DEPLOYMENT_SUMMARY.md
[SUCCESS] [2025-07-17 21:49:39] Γ£ô ./DEPLOYMENT_SUMMARY.md: All checks passed
[STEP] [2025-07-17 21:49:39] Validating: ./INSTALLATION_STATUS.md
[INFO] [2025-07-17 21:49:39] Applied auto-fixes to ./INSTALLATION_STATUS.md
[WARNING] [2025-07-17 21:49:40] ./INSTALLATION_STATUS.md: markdownlint found issues
[MAJOR] ./INSTALLATION_STATUS.md:41 MD026:/no-trailing-punctuation Trailing punctuation in heading [Punctuation: ':']
[MAJOR] ./INSTALLATION_STATUS.md:47 MD026:/no-trailing-punctuation Trailing punctuation in heading [Punctuation: ':']
[MAJOR] ./INSTALLATION_STATUS.md:55 MD026:/no-trailing-punctuation Trailing punctuation in heading [Punctuation: ':']
[MAJOR] ./INSTALLATION_STATUS.md:64 MD026:/no-trailing-punctuation Trailing punctuation in heading [Punctuation: ':']
[MAJOR] ./INSTALLATION_STATUS.md:70 MD026:/no-trailing-punctuation Trailing punctuation in heading [Punctuation: ':']
[ERROR] [2025-07-17 21:49:40] Γ£ù ./INSTALLATION_STATUS.md: 5 issues found
[STEP] [2025-07-17 21:49:40] Validating: ./README.md
[INFO] [2025-07-17 21:49:40] Applied auto-fixes to ./README.md
[WARNING] [2025-07-17 21:49:41] ./README.md: markdownlint found issues
[MAJOR] ./README.md:82 MD031:/blanks-around-fences Fenced code blocks should be surrounded by blank lines [Context: "```bash"]
[MAJOR] ./README.md:264 MD040:/fenced-code-language Fenced code blocks should have a language specified [Context: "```"]
[ERROR] [2025-07-17 21:49:41] Γ£ù ./README.md: 2 issues found
[STEP] [2025-07-17 21:49:41] Validating: ./RUTOS-COMPATIBILITY-FIXES.md
[INFO] [2025-07-17 21:49:41] Applied auto-fixes to ./RUTOS-COMPATIBILITY-FIXES.md
[WARNING] [2025-07-17 21:49:41] ./RUTOS-COMPATIBILITY-FIXES.md: markdownlint found issues
[MAJOR] ./RUTOS-COMPATIBILITY-FIXES.md:116 MD031:/blanks-around-fences Fenced code blocks should be surrounded by blank lines [Context: "```bash"]
[ERROR] [2025-07-17 21:49:42] Γ£ù ./RUTOS-COMPATIBILITY-FIXES.md: 1 issues found
[STEP] [2025-07-17 21:49:42] Validating: ./RUTOS-NAMING-CONVENTION-SUMMARY.md
[INFO] [2025-07-17 21:49:42] Applied auto-fixes to ./RUTOS-NAMING-CONVENTION-SUMMARY.md
[SUCCESS] [2025-07-17 21:49:42] Γ£ô ./RUTOS-NAMING-CONVENTION-SUMMARY.md: All checks passed
[STEP] [2025-07-17 21:49:42] Validating: ./RUTOS-TEST-ANALYSIS.md
[INFO] [2025-07-17 21:49:43] Applied auto-fixes to ./RUTOS-TEST-ANALYSIS.md
[SUCCESS] [2025-07-17 21:49:43] Γ£ô ./RUTOS-TEST-ANALYSIS.md: All checks passed
[STEP] [2025-07-17 21:49:43] Validating: ./SECURITY.md
[INFO] [2025-07-17 21:49:43] Applied auto-fixes to ./SECURITY.md
[WARNING] [2025-07-17 21:49:44] ./SECURITY.md: markdownlint found issues
[MAJOR] ./SECURITY.md:18 MD026:/no-trailing-punctuation Trailing punctuation in heading [Punctuation: ':']
[MAJOR] ./SECURITY.md:23 MD026:/no-trailing-punctuation Trailing punctuation in heading [Punctuation: ':']
[ERROR] [2025-07-17 21:49:44] Γ£ù ./SECURITY.md: 2 issues found
[STEP] [2025-07-17 21:49:44] Validating: ./SECURITY_GUIDELINES.md
[INFO] [2025-07-17 21:49:44] Applied auto-fixes to ./SECURITY_GUIDELINES.md
[SUCCESS] [2025-07-17 21:49:45] Γ£ô ./SECURITY_GUIDELINES.md: All checks passed
[STEP] [2025-07-17 21:49:45] Validating: ./SHELL-COMPATIBILITY-STRATEGY.md
[INFO] [2025-07-17 21:49:45] Applied auto-fixes to ./SHELL-COMPATIBILITY-STRATEGY.md
[SUCCESS] [2025-07-17 21:49:45] Γ£ô ./SHELL-COMPATIBILITY-STRATEGY.md: All checks passed
[STEP] [2025-07-17 21:49:45] Validating: ./Starlink-RUTOS-Failover/AzureLogging/ANALYSIS_GUIDE.md
[INFO] [2025-07-17 21:49:46] Applied auto-fixes to ./Starlink-RUTOS-Failover/AzureLogging/ANALYSIS_GUIDE.md
[WARNING] [2025-07-17 21:49:46] ./Starlink-RUTOS-Failover/AzureLogging/ANALYSIS_GUIDE.md: markdownlint found issues
[MAJOR] ./Starlink-RUTOS-Failover/AzureLogging/ANALYSIS_GUIDE.md:96 MD040:/fenced-code-language Fenced code blocks should have a language specified [Context: "```"]
[ERROR] [2025-07-17 21:49:46] Γ£ù ./Starlink-RUTOS-Failover/AzureLogging/ANALYSIS_GUIDE.md: 1 issues found
[STEP] [2025-07-17 21:49:46] Validating: ./Starlink-RUTOS-Failover/AzureLogging/DEPLOYMENT_CHECKLIST.md
[INFO] [2025-07-17 21:49:47] Applied auto-fixes to ./Starlink-RUTOS-Failover/AzureLogging/DEPLOYMENT_CHECKLIST.md
[SUCCESS] [2025-07-17 21:49:47] Γ£ô ./Starlink-RUTOS-Failover/AzureLogging/DEPLOYMENT_CHECKLIST.md: All checks passed
[STEP] [2025-07-17 21:49:47] Validating: ./Starlink-RUTOS-Failover/AzureLogging/GPS_INTEGRATION_GUIDE.md
[INFO] [2025-07-17 21:49:48] Applied auto-fixes to ./Starlink-RUTOS-Failover/AzureLogging/GPS_INTEGRATION_GUIDE.md
[WARNING] [2025-07-17 21:49:48] ./Starlink-RUTOS-Failover/AzureLogging/GPS_INTEGRATION_GUIDE.md: markdownlint found issues
[MAJOR] ./Starlink-RUTOS-Failover/AzureLogging/GPS_INTEGRATION_GUIDE.md:62 MD036:/no-emphasis-as-heading/no-emphasis-as-header Emphasis used instead of a heading [Context: "Coverage Mapping"]
[MAJOR] ./Starlink-RUTOS-Failover/AzureLogging/GPS_INTEGRATION_GUIDE.md:69 MD036:/no-emphasis-as-heading/no-emphasis-as-header Emphasis used instead of a heading [Context: "Geographic Patterns"]
[MAJOR] ./Starlink-RUTOS-Failover/AzureLogging/GPS_INTEGRATION_GUIDE.md:78 MD036:/no-emphasis-as-heading/no-emphasis-as-header Emphasis used instead of a heading [Context: "Speed vs Performance Correlati..."]
[MAJOR] ./Starlink-RUTOS-Failover/AzureLogging/GPS_INTEGRATION_GUIDE.md:85 MD036:/no-emphasis-as-heading/no-emphasis-as-header Emphasis used instead of a heading [Context: "Movement Pattern Analysis"]
[MAJOR] ./Starlink-RUTOS-Failover/AzureLogging/GPS_INTEGRATION_GUIDE.md:94 MD036:/no-emphasis-as-heading/no-emphasis-as-header Emphasis used instead of a heading [Context: "Location-Aware Thresholds"]
[MAJOR] ./Starlink-RUTOS-Failover/AzureLogging/GPS_INTEGRATION_GUIDE.md:101 MD036:/no-emphasis-as-heading/no-emphasis-as-header Emphasis used instead of a heading [Context: "Mobility State Considerations"]
[MAJOR] ./Starlink-RUTOS-Failover/AzureLogging/GPS_INTEGRATION_GUIDE.md:162 MD036:/no-emphasis-as-heading/no-emphasis-as-header Emphasis used instead of a heading [Context: "Geographic Analysis"]
[MAJOR] ./Starlink-RUTOS-Failover/AzureLogging/GPS_INTEGRATION_GUIDE.md:169 MD036:/no-emphasis-as-heading/no-emphasis-as-header Emphasis used instead of a heading [Context: "Movement Analysis"]
[MAJOR] ./Starlink-RUTOS-Failover/AzureLogging/GPS_INTEGRATION_GUIDE.md:176 MD036:/no-emphasis-as-heading/no-emphasis-as-header Emphasis used instead of a heading [Context: "Location-Based Recommendations"]
[MAJOR] ./Starlink-RUTOS-Failover/AzureLogging/GPS_INTEGRATION_GUIDE.md:185 MD036:/no-emphasis-as-heading/no-emphasis-as-header Emphasis used instead of a heading [Context: "Coverage Maps"]
[MAJOR] ./Starlink-RUTOS-Failover/AzureLogging/GPS_INTEGRATION_GUIDE.md:192 MD036:/no-emphasis-as-heading/no-emphasis-as-header Emphasis used instead of a heading [Context: "Mobility Charts"]
[MAJOR] ./Starlink-RUTOS-Failover/AzureLogging/GPS_INTEGRATION_GUIDE.md:199 MD036:/no-emphasis-as-heading/no-emphasis-as-header Emphasis used instead of a heading [Context: "Location Performance"]
[ERROR] [2025-07-17 21:49:48] Γ£ù ./Starlink-RUTOS-Failover/AzureLogging/GPS_INTEGRATION_GUIDE.md: 12 issues found
[STEP] [2025-07-17 21:49:48] Validating: ./Starlink-RUTOS-Failover/AzureLogging/INSTALLATION_GUIDE.md
[INFO] [2025-07-17 21:49:49] Applied auto-fixes to ./Starlink-RUTOS-Failover/AzureLogging/INSTALLATION_GUIDE.md
[WARNING] [2025-07-17 21:49:49] ./Starlink-RUTOS-Failover/AzureLogging/INSTALLATION_GUIDE.md: markdownlint found issues
[MAJOR] ./Starlink-RUTOS-Failover/AzureLogging/INSTALLATION_GUIDE.md:184 MD031:/blanks-around-fences Fenced code blocks should be surrounded by blank lines [Context: "```bash"]
[MAJOR] ./Starlink-RUTOS-Failover/AzureLogging/INSTALLATION_GUIDE.md:202 MD040:/fenced-code-language Fenced code blocks should have a language specified [Context: "```"]
[MAJOR] ./Starlink-RUTOS-Failover/AzureLogging/INSTALLATION_GUIDE.md:221 MD040:/fenced-code-language Fenced code blocks should have a language specified [Context: "   ```"]
[ERROR] [2025-07-17 21:49:49] Γ£ù ./Starlink-RUTOS-Failover/AzureLogging/INSTALLATION_GUIDE.md: 3 issues found
[STEP] [2025-07-17 21:49:49] Validating: ./Starlink-RUTOS-Failover/AzureLogging/README.md
[INFO] [2025-07-17 21:49:50] Applied auto-fixes to ./Starlink-RUTOS-Failover/AzureLogging/README.md
[WARNING] [2025-07-17 21:49:50] ./Starlink-RUTOS-Failover/AzureLogging/README.md: markdownlint found issues
[MAJOR] ./Starlink-RUTOS-Failover/AzureLogging/README.md:248 MD031:/blanks-around-fences Fenced code blocks should be surrounded by blank lines [Context: "```bash"]
[MAJOR] ./Starlink-RUTOS-Failover/AzureLogging/README.md:331 MD040:/fenced-code-language Fenced code blocks should have a language specified [Context: "```"]
[ERROR] [2025-07-17 21:49:50] Γ£ù ./Starlink-RUTOS-Failover/AzureLogging/README.md: 2 issues found
[STEP] [2025-07-17 21:49:50] Validating: ./Starlink-RUTOS-Failover/AzureLogging/SOLUTION_OVERVIEW.md
[INFO] [2025-07-17 21:49:51] Applied auto-fixes to ./Starlink-RUTOS-Failover/AzureLogging/SOLUTION_OVERVIEW.md
[WARNING] [2025-07-17 21:49:51] ./Starlink-RUTOS-Failover/AzureLogging/SOLUTION_OVERVIEW.md: markdownlint found issues
[MAJOR] ./Starlink-RUTOS-Failover/AzureLogging/SOLUTION_OVERVIEW.md:106 MD040:/fenced-code-language Fenced code blocks should have a language specified [Context: "```"]
[ERROR] [2025-07-17 21:49:51] Γ£ù ./Starlink-RUTOS-Failover/AzureLogging/SOLUTION_OVERVIEW.md: 1 issues found
[STEP] [2025-07-17 21:49:51] Validating: ./Starlink-RUTOS-Failover/AzureLogging/analysis/README.md
[INFO] [2025-07-17 21:49:52] Applied auto-fixes to ./Starlink-RUTOS-Failover/AzureLogging/analysis/README.md
[WARNING] [2025-07-17 21:49:52] ./Starlink-RUTOS-Failover/AzureLogging/analysis/README.md: markdownlint found issues
[MAJOR] ./Starlink-RUTOS-Failover/AzureLogging/analysis/README.md:7 MD040:/fenced-code-language Fenced code blocks should have a language specified [Context: "```"]
[ERROR] [2025-07-17 21:49:52] Γ£ù ./Starlink-RUTOS-Failover/AzureLogging/analysis/README.md: 1 issues found
[STEP] [2025-07-17 21:49:52] Validating: ./Starlink-RUTOS-Failover/README.md
[INFO] [2025-07-17 21:49:52] Applied auto-fixes to ./Starlink-RUTOS-Failover/README.md
[WARNING] [2025-07-17 21:49:53] ./Starlink-RUTOS-Failover/README.md: markdownlint found issues
[MAJOR] ./Starlink-RUTOS-Failover/README.md:56 MD030:/list-marker-space Spaces after list markers [Expected: 1; Actual: 2]
[MAJOR] ./Starlink-RUTOS-Failover/README.md:59 MD030:/list-marker-space Spaces after list markers [Expected: 1; Actual: 2]
[MAJOR] ./Starlink-RUTOS-Failover/README.md:62 MD030:/list-marker-space Spaces after list markers [Expected: 1; Actual: 2]
[MAJOR] ./Starlink-RUTOS-Failover/README.md:79 MD030:/list-marker-space Spaces after list markers [Expected: 1; Actual: 2]
[MAJOR] ./Starlink-RUTOS-Failover/README.md:79 MD034:/no-bare-urls Bare URL used [Context: "https://pushover.net/"]
[MAJOR] ./Starlink-RUTOS-Failover/README.md:220 MD036:/no-emphasis-as-heading/no-emphasis-as-header Emphasis used instead of a heading [Context: "Option 1: Centralized Configur..."]
[MAJOR] ./Starlink-RUTOS-Failover/README.md:249 MD029:/ol-prefix Ordered list item prefix [Expected: 1; Actual: 4; Style: 1/2/3]
[MAJOR] ./Starlink-RUTOS-Failover/README.md:251 MD029:/ol-prefix Ordered list item prefix [Expected: 2; Actual: 5; Style: 1/2/3]
[ERROR] [2025-07-17 21:49:53] Γ£ù ./Starlink-RUTOS-Failover/README.md: 8 issues found
[STEP] [2025-07-17 21:49:53] Validating: ./TESTING.md
[INFO] [2025-07-17 21:49:54] Applied auto-fixes to ./TESTING.md
[WARNING] [2025-07-17 21:49:54] ./TESTING.md: markdownlint found issues
[MAJOR] ./TESTING.md:105 MD040:/fenced-code-language Fenced code blocks should have a language specified [Context: "```"]
[MAJOR] ./TESTING.md:769 MD040:/fenced-code-language Fenced code blocks should have a language specified [Context: "```"]
[ERROR] [2025-07-17 21:49:55] Γ£ù ./TESTING.md: 2 issues found
[STEP] [2025-07-17 21:49:55] Validating: ./automation/COPILOT-ASSIGNMENT-IMPLEMENTATION.md
[INFO] [2025-07-17 21:49:55] Applied auto-fixes to ./automation/COPILOT-ASSIGNMENT-IMPLEMENTATION.md
[SUCCESS] [2025-07-17 21:49:55] Γ£ô ./automation/COPILOT-ASSIGNMENT-IMPLEMENTATION.md: All checks passed
[STEP] [2025-07-17 21:49:55] Validating: ./automation/README.md
[INFO] [2025-07-17 21:49:56] Applied auto-fixes to ./automation/README.md
[WARNING] [2025-07-17 21:49:56] ./automation/README.md: markdownlint found issues
[MAJOR] ./automation/README.md:144 MD040:/fenced-code-language Fenced code blocks should have a language specified [Context: "```"]
[MAJOR] ./automation/README.md:185 MD036:/no-emphasis-as-heading/no-emphasis-as-header Emphasis used instead of a heading [Context: "Enhanced PowerShell automation..."]
[ERROR] [2025-07-17 21:49:56] Γ£ù ./automation/README.md: 2 issues found
[STEP] [2025-07-17 21:49:56] Validating: ./docs/API_CHANGE_RESPONSE.md
[INFO] [2025-07-17 21:49:57] Applied auto-fixes to ./docs/API_CHANGE_RESPONSE.md
[SUCCESS] [2025-07-17 21:49:57] Γ£ô ./docs/API_CHANGE_RESPONSE.md: All checks passed
[STEP] [2025-07-17 21:49:57] Validating: ./docs/API_REFERENCE.md
[INFO] [2025-07-17 21:49:57] Applied auto-fixes to ./docs/API_REFERENCE.md
[SUCCESS] [2025-07-17 21:49:58] Γ£ô ./docs/API_REFERENCE.md: All checks passed
[STEP] [2025-07-17 21:49:58] Validating: ./docs/BRANCH_TESTING.md
[INFO] [2025-07-17 21:49:58] Applied auto-fixes to ./docs/BRANCH_TESTING.md
[WARNING] [2025-07-17 21:49:58] ./docs/BRANCH_TESTING.md: markdownlint found issues
[MAJOR] ./docs/BRANCH_TESTING.md:63 MD040:/fenced-code-language Fenced code blocks should have a language specified [Context: "```"]
[ERROR] [2025-07-17 21:49:59] Γ£ù ./docs/BRANCH_TESTING.md: 1 issues found
[STEP] [2025-07-17 21:49:59] Validating: ./docs/CODE_QUALITY_SYSTEM.md
[INFO] [2025-07-17 21:49:59] Applied auto-fixes to ./docs/CODE_QUALITY_SYSTEM.md
[WARNING] [2025-07-17 21:49:59] ./docs/CODE_QUALITY_SYSTEM.md: markdownlint found issues
[MAJOR] ./docs/CODE_QUALITY_SYSTEM.md:285 MD040:/fenced-code-language Fenced code blocks should have a language specified [Context: "```"]
[MAJOR] ./docs/CODE_QUALITY_SYSTEM.md:294 MD040:/fenced-code-language Fenced code blocks should have a language specified [Context: "```"]
[ERROR] [2025-07-17 21:50:00] Γ£ù ./docs/CODE_QUALITY_SYSTEM.md: 2 issues found
[STEP] [2025-07-17 21:50:00] Validating: ./docs/CONFIG_PRESERVATION.md
[INFO] [2025-07-17 21:50:00] Applied auto-fixes to ./docs/CONFIG_PRESERVATION.md
[WARNING] [2025-07-17 21:50:00] ./docs/CONFIG_PRESERVATION.md: markdownlint found issues
[MAJOR] ./docs/CONFIG_PRESERVATION.md:131 MD031:/blanks-around-fences Fenced code blocks should be surrounded by blank lines [Context: "```bash"]
[ERROR] [2025-07-17 21:50:01] Γ£ù ./docs/CONFIG_PRESERVATION.md: 1 issues found
[STEP] [2025-07-17 21:50:01] Validating: ./docs/HEALTH-CHECK.md
[INFO] [2025-07-17 21:50:01] Applied auto-fixes to ./docs/HEALTH-CHECK.md
[WARNING] [2025-07-17 21:50:01] ./docs/HEALTH-CHECK.md: markdownlint found issues
[MAJOR] ./docs/HEALTH-CHECK.md:126 MD040:/fenced-code-language Fenced code blocks should have a language specified [Context: "```"]
[ERROR] [2025-07-17 21:50:02] Γ£ù ./docs/HEALTH-CHECK.md: 1 issues found
[STEP] [2025-07-17 21:50:02] Validating: ./docs/RUTX50-PRODUCTION-GUIDE.md
[INFO] [2025-07-17 21:50:02] Applied auto-fixes to ./docs/RUTX50-PRODUCTION-GUIDE.md
[SUCCESS] [2025-07-17 21:50:02] Γ£ô ./docs/RUTX50-PRODUCTION-GUIDE.md: All checks passed
[STEP] [2025-07-17 21:50:02] Validating: ./docs/TROUBLESHOOTING.md
[INFO] [2025-07-17 21:50:03] Applied auto-fixes to ./docs/TROUBLESHOOTING.md
[WARNING] [2025-07-17 21:50:03] ./docs/TROUBLESHOOTING.md: markdownlint found issues
[MAJOR] ./docs/TROUBLESHOOTING.md:55 MD031:/blanks-around-fences Fenced code blocks should be surrounded by blank lines [Context: "```bash"]
[MAJOR] ./docs/TROUBLESHOOTING.md:57 MD031:/blanks-around-fences Fenced code blocks should be surrounded by blank lines [Context: "```"]
[MAJOR] ./docs/TROUBLESHOOTING.md:60 MD031:/blanks-around-fences Fenced code blocks should be surrounded by blank lines [Context: "```bash"]
[MAJOR] ./docs/TROUBLESHOOTING.md:78 MD031:/blanks-around-fences Fenced code blocks should be surrounded by blank lines [Context: "```bash"]
[MAJOR] ./docs/TROUBLESHOOTING.md:98 MD031:/blanks-around-fences Fenced code blocks should be surrounded by blank lines [Context: "```bash"]
[MAJOR] ./docs/TROUBLESHOOTING.md:100 MD031:/blanks-around-fences Fenced code blocks should be surrounded by blank lines [Context: "```"]
[MAJOR] ./docs/TROUBLESHOOTING.md:102 MD031:/blanks-around-fences Fenced code blocks should be surrounded by blank lines [Context: "```bash"]
[MAJOR] ./docs/TROUBLESHOOTING.md:104 MD031:/blanks-around-fences Fenced code blocks should be surrounded by blank lines [Context: "```"]
[MAJOR] ./docs/TROUBLESHOOTING.md:106 MD031:/blanks-around-fences Fenced code blocks should be surrounded by blank lines [Context: "```bash"]
[MAJOR] ./docs/TROUBLESHOOTING.md:122 MD031:/blanks-around-fences Fenced code blocks should be surrounded by blank lines [Context: "```bash"]
[MAJOR] ./docs/TROUBLESHOOTING.md:124 MD031:/blanks-around-fences Fenced code blocks should be surrounded by blank lines [Context: "```"]
[MAJOR] ./docs/TROUBLESHOOTING.md:126 MD031:/blanks-around-fences Fenced code blocks should be surrounded by blank lines [Context: "```bash"]
[MAJOR] ./docs/TROUBLESHOOTING.md:144 MD031:/blanks-around-fences Fenced code blocks should be surrounded by blank lines [Context: "```bash"]
[MAJOR] ./docs/TROUBLESHOOTING.md:146 MD031:/blanks-around-fences Fenced code blocks should be surrounded by blank lines [Context: "```"]
[MAJOR] ./docs/TROUBLESHOOTING.md:148 MD031:/blanks-around-fences Fenced code blocks should be surrounded by blank lines [Context: "```bash"]
[MAJOR] ./docs/TROUBLESHOOTING.md:182 MD031:/blanks-around-fences Fenced code blocks should be surrounded by blank lines [Context: "```bash"]
[MAJOR] ./docs/TROUBLESHOOTING.md:198 MD031:/blanks-around-fences Fenced code blocks should be surrounded by blank lines [Context: "```bash"]
[MAJOR] ./docs/TROUBLESHOOTING.md:200 MD031:/blanks-around-fences Fenced code blocks should be surrounded by blank lines [Context: "```"]
[MAJOR] ./docs/TROUBLESHOOTING.md:202 MD031:/blanks-around-fences Fenced code blocks should be surrounded by blank lines [Context: "```bash"]
[MAJOR] ./docs/TROUBLESHOOTING.md:221 MD031:/blanks-around-fences Fenced code blocks should be surrounded by blank lines [Context: "```bash"]
[MAJOR] ./docs/TROUBLESHOOTING.md:246 MD040:/fenced-code-language Fenced code blocks should have a language specified [Context: "```"]
[MAJOR] ./docs/TROUBLESHOOTING.md:254 MD040:/fenced-code-language Fenced code blocks should have a language specified [Context: "```"]
[MAJOR] ./docs/TROUBLESHOOTING.md:262 MD040:/fenced-code-language Fenced code blocks should have a language specified [Context: "```"]
[MAJOR] ./docs/TROUBLESHOOTING.md:290 MD031:/blanks-around-fences Fenced code blocks should be surrounded by blank lines [Context: "```bash"]
[MAJOR] ./docs/TROUBLESHOOTING.md:293 MD031:/blanks-around-fences Fenced code blocks should be surrounded by blank lines [Context: "```"]
[MAJOR] ./docs/TROUBLESHOOTING.md:301 MD031:/blanks-around-fences Fenced code blocks should be surrounded by blank lines [Context: "```bash"]
[MAJOR] ./docs/TROUBLESHOOTING.md:303 MD031:/blanks-around-fences Fenced code blocks should be surrounded by blank lines [Context: "```"]
[MAJOR] ./docs/TROUBLESHOOTING.md:305 MD031:/blanks-around-fences Fenced code blocks should be surrounded by blank lines [Context: "```bash"]
[MAJOR] ./docs/TROUBLESHOOTING.md:308 MD031:/blanks-around-fences Fenced code blocks should be surrounded by blank lines [Context: "```"]
[MAJOR] ./docs/TROUBLESHOOTING.md:310 MD031:/blanks-around-fences Fenced code blocks should be surrounded by blank lines [Context: "```bash"]
[MAJOR] ./docs/TROUBLESHOOTING.md:318 MD031:/blanks-around-fences Fenced code blocks should be surrounded by blank lines [Context: "```bash"]
[MAJOR] ./docs/TROUBLESHOOTING.md:320 MD031:/blanks-around-fences Fenced code blocks should be surrounded by blank lines [Context: "```"]
[MAJOR] ./docs/TROUBLESHOOTING.md:322 MD031:/blanks-around-fences Fenced code blocks should be surrounded by blank lines [Context: "```bash"]
[ERROR] [2025-07-17 21:50:03] Γ£ù ./docs/TROUBLESHOOTING.md: 33 issues found
[STEP] [2025-07-17 21:50:03] Validating: ./docs/UPGRADE-GUIDE.md
[INFO] [2025-07-17 21:50:04] Applied auto-fixes to ./docs/UPGRADE-GUIDE.md
[WARNING] [2025-07-17 21:50:04] ./docs/UPGRADE-GUIDE.md: markdownlint found issues
[MAJOR] ./docs/UPGRADE-GUIDE.md:63 MD040:/fenced-code-language Fenced code blocks should have a language specified [Context: "```"]
[ERROR] [2025-07-17 21:50:04] Γ£ù ./docs/UPGRADE-GUIDE.md: 1 issues found
[STEP] [2025-07-17 21:50:04] Validating: ./docs/VALIDATE_CONFIG_FIX.md
[INFO] [2025-07-17 21:50:05] Applied auto-fixes to ./docs/VALIDATE_CONFIG_FIX.md
[WARNING] [2025-07-17 21:50:05] ./docs/VALIDATE_CONFIG_FIX.md: markdownlint found issues
[MAJOR] ./docs/VALIDATE_CONFIG_FIX.md:5 MD040:/fenced-code-language Fenced code blocks should have a language specified [Context: "```"]
[MAJOR] ./docs/VALIDATE_CONFIG_FIX.md:12 MD026:/no-trailing-punctuation Trailing punctuation in heading [Punctuation: ':']
[MAJOR] ./docs/VALIDATE_CONFIG_FIX.md:146 MD026:/no-trailing-punctuation Trailing punctuation in heading [Punctuation: ':']
[MAJOR] ./docs/VALIDATE_CONFIG_FIX.md:154 MD026:/no-trailing-punctuation Trailing punctuation in heading [Punctuation: ':']
[ERROR] [2025-07-17 21:50:05] Γ£ù ./docs/VALIDATE_CONFIG_FIX.md: 4 issues found
[STEP] [2025-07-17 21:50:05] Validating: ./docs/VALIDATION_SYSTEM.md
[INFO] [2025-07-17 21:50:05] Applied auto-fixes to ./docs/VALIDATION_SYSTEM.md
[SUCCESS] [2025-07-17 21:50:06] Γ£ô ./docs/VALIDATION_SYSTEM.md: All checks passed
[STEP] [2025-07-17 21:50:06] Validating: ./tests/README.md
[INFO] [2025-07-17 21:50:06] Applied auto-fixes to ./tests/README.md
[SUCCESS] [2025-07-17 21:50:07] Γ£ô ./tests/README.md: All checks passed
[STEP] [2025-07-17 21:50:07] Generating validation summary

=== VALIDATION SUMMARY ===
Files processed: 98
Files passed: 65
Files failed: 33

Total issues: 221
Critical issues: 44
Major issues: 177
Minor issues: 0


=== ISSUE BREAKDOWN ===
Most common issues found:

44x / 2 files: Uses 'local' keyword - not supported in busybox
40x / 1 files: SC3043: In POSIX sh, 'local' is undefined.
35x / 6 files: MD031: Fenced code blocks should be surrounded by blank lines
24x / 16 files: MD040: Fenced code blocks should have a language specified
14x / 3 files: MD036: Emphasis used instead of a heading
10x / 3 files: MD026: Trailing punctuation in heading
9x / 2 files: SC2034: Variable appears unused in template/config file
9x / 4 files: SC1090: Cannot follow dynamic source files
6x / 3 files: SC1091: Cannot follow dynamic source files
4x / 1 files: MD030: Spaces after list markers should be consistent
2x / 2 files: Uses bash shebang - should use #!/bin/sh for RUTOS compatibility
2x / 1 files: SC2164: Use 'cd ...
2x / 3 files: SC2002: https://www.shellcheck.net/wiki/SC2002 -- Useless cat. Consider 'cmd < file...
2x / 3 files: SC2002: Useless cat. Consider 'cmd < file
2x / 1 files: MD029: Ordered list item prefix should be consistent
1x / 1 files: SC3043: https://www.shellcheck.net/wiki/SC3043 -- In POSIX sh, 'local' is undefined.
1x / 1 files: SC3040: https://www.shellcheck.net/wiki/SC3040 -- In POSIX sh, set option pipefail ...
1x / 1 files: SC3040: In POSIX sh, set option pipefail is undefined.
1x / 1 files: SC2164: https://www.shellcheck.net/wiki/SC2164 -- Use 'cd ...
1x / 1 files: SC2016: https://www.shellcheck.net/wiki/SC2016 -- Expressions don't expand in singl...
1x / 1 files: SC2016: Expressions don't expand in single quotes, use double quotes for that.
1x / 1 files: SC1073: Couldn't parse this if expression. Fix to allow more checks.
1x / 1 files: SC1072: https://www.shellcheck.net/wiki/SC1072 -- Expected 'fi'. Fix any mentioned ...
1x / 1 files: SC1072: Expected 'fi'. Fix any mentioned problems and try again.
1x / 1 files: SC1047: https://www.shellcheck.net/wiki/SC1047 -- Expected 'fi' matching previously...
1x / 1 files: SC1047: Expected 'fi' matching previously mentioned 'if'.
1x / 1 files: SC1046: https://www.shellcheck.net/wiki/SC1046 -- Couldn't find 'fi' for this 'if'.
1x / 1 files: SC1046: Couldn't find 'fi' for this 'if'.
1x / 1 files: Missing color definitions: RED GREEN YELLOW BLUE CYAN NC - all scripts should define RED, GREEN, YELLOW, BLUE, CYAN, NC
1x / 1 files: MD034: Bare URL used instead of proper link syntax
1x / 1 files: MD024: Multiple headings with the same content

[ERROR] [2025-07-17 21:50:08] Validation failed with 221 issues

=== FILE-SPECIFIC OUTPUT ===
Test File: docs/TROUBLESHOOTING.md
Exit Code: 1
Output Lines: 62

[INFO] [2025-07-17 21:50:09] Starting RUTOS busybox compatibility and markdown validation v1.0.3
[STEP] [2025-07-17 21:50:09] Self-validation: Skipped - this script is excluded from validation
[INFO] [2025-07-17 21:50:09] Running in specific file mode
[STEP] [2025-07-17 21:50:09] Processing 1 files
[INFO] [2025-07-17 21:50:09] Validating markdown files
[STEP] [2025-07-17 21:50:09] Validating: docs/TROUBLESHOOTING.md
[INFO] [2025-07-17 21:50:09] Applied auto-fixes to docs/TROUBLESHOOTING.md
[WARNING] [2025-07-17 21:50:09] docs/TROUBLESHOOTING.md: markdownlint found issues
[MAJOR] docs/TROUBLESHOOTING.md:55 MD031:/blanks-around-fences Fenced code blocks should be surrounded by blank lines [Context: "```bash"]
[MAJOR] docs/TROUBLESHOOTING.md:57 MD031:/blanks-around-fences Fenced code blocks should be surrounded by blank lines [Context: "```"]
[MAJOR] docs/TROUBLESHOOTING.md:60 MD031:/blanks-around-fences Fenced code blocks should be surrounded by blank lines [Context: "```bash"]
[MAJOR] docs/TROUBLESHOOTING.md:78 MD031:/blanks-around-fences Fenced code blocks should be surrounded by blank lines [Context: "```bash"]
[MAJOR] docs/TROUBLESHOOTING.md:98 MD031:/blanks-around-fences Fenced code blocks should be surrounded by blank lines [Context: "```bash"]
[MAJOR] docs/TROUBLESHOOTING.md:100 MD031:/blanks-around-fences Fenced code blocks should be surrounded by blank lines [Context: "```"]
[MAJOR] docs/TROUBLESHOOTING.md:102 MD031:/blanks-around-fences Fenced code blocks should be surrounded by blank lines [Context: "```bash"]
[MAJOR] docs/TROUBLESHOOTING.md:104 MD031:/blanks-around-fences Fenced code blocks should be surrounded by blank lines [Context: "```"]
[MAJOR] docs/TROUBLESHOOTING.md:106 MD031:/blanks-around-fences Fenced code blocks should be surrounded by blank lines [Context: "```bash"]
[MAJOR] docs/TROUBLESHOOTING.md:122 MD031:/blanks-around-fences Fenced code blocks should be surrounded by blank lines [Context: "```bash"]
[MAJOR] docs/TROUBLESHOOTING.md:124 MD031:/blanks-around-fences Fenced code blocks should be surrounded by blank lines [Context: "```"]
[MAJOR] docs/TROUBLESHOOTING.md:126 MD031:/blanks-around-fences Fenced code blocks should be surrounded by blank lines [Context: "```bash"]
[MAJOR] docs/TROUBLESHOOTING.md:144 MD031:/blanks-around-fences Fenced code blocks should be surrounded by blank lines [Context: "```bash"]
[MAJOR] docs/TROUBLESHOOTING.md:146 MD031:/blanks-around-fences Fenced code blocks should be surrounded by blank lines [Context: "```"]
[MAJOR] docs/TROUBLESHOOTING.md:148 MD031:/blanks-around-fences Fenced code blocks should be surrounded by blank lines [Context: "```bash"]
[MAJOR] docs/TROUBLESHOOTING.md:182 MD031:/blanks-around-fences Fenced code blocks should be surrounded by blank lines [Context: "```bash"]
[MAJOR] docs/TROUBLESHOOTING.md:198 MD031:/blanks-around-fences Fenced code blocks should be surrounded by blank lines [Context: "```bash"]
[MAJOR] docs/TROUBLESHOOTING.md:200 MD031:/blanks-around-fences Fenced code blocks should be surrounded by blank lines [Context: "```"]
[MAJOR] docs/TROUBLESHOOTING.md:202 MD031:/blanks-around-fences Fenced code blocks should be surrounded by blank lines [Context: "```bash"]
[MAJOR] docs/TROUBLESHOOTING.md:221 MD031:/blanks-around-fences Fenced code blocks should be surrounded by blank lines [Context: "```bash"]
[MAJOR] docs/TROUBLESHOOTING.md:246 MD040:/fenced-code-language Fenced code blocks should have a language specified [Context: "```"]
[MAJOR] docs/TROUBLESHOOTING.md:254 MD040:/fenced-code-language Fenced code blocks should have a language specified [Context: "```"]
[MAJOR] docs/TROUBLESHOOTING.md:262 MD040:/fenced-code-language Fenced code blocks should have a language specified [Context: "```"]
[MAJOR] docs/TROUBLESHOOTING.md:290 MD031:/blanks-around-fences Fenced code blocks should be surrounded by blank lines [Context: "```bash"]
[MAJOR] docs/TROUBLESHOOTING.md:293 MD031:/blanks-around-fences Fenced code blocks should be surrounded by blank lines [Context: "```"]
[MAJOR] docs/TROUBLESHOOTING.md:301 MD031:/blanks-around-fences Fenced code blocks should be surrounded by blank lines [Context: "```bash"]
[MAJOR] docs/TROUBLESHOOTING.md:303 MD031:/blanks-around-fences Fenced code blocks should be surrounded by blank lines [Context: "```"]
[MAJOR] docs/TROUBLESHOOTING.md:305 MD031:/blanks-around-fences Fenced code blocks should be surrounded by blank lines [Context: "```bash"]
[MAJOR] docs/TROUBLESHOOTING.md:308 MD031:/blanks-around-fences Fenced code blocks should be surrounded by blank lines [Context: "```"]
[MAJOR] docs/TROUBLESHOOTING.md:310 MD031:/blanks-around-fences Fenced code blocks should be surrounded by blank lines [Context: "```bash"]
[MAJOR] docs/TROUBLESHOOTING.md:318 MD031:/blanks-around-fences Fenced code blocks should be surrounded by blank lines [Context: "```bash"]
[MAJOR] docs/TROUBLESHOOTING.md:320 MD031:/blanks-around-fences Fenced code blocks should be surrounded by blank lines [Context: "```"]
[MAJOR] docs/TROUBLESHOOTING.md:322 MD031:/blanks-around-fences Fenced code blocks should be surrounded by blank lines [Context: "```bash"]
[ERROR] [2025-07-17 21:50:09] Γ£ù docs/TROUBLESHOOTING.md: 33 issues found
[STEP] [2025-07-17 21:50:09] Generating validation summary

=== VALIDATION SUMMARY ===
Files processed: 1
Files passed: 0
Files failed: 1

Total issues: 33
Critical issues: 0
Major issues: 33
Minor issues: 0


=== ISSUE BREAKDOWN ===
Most common issues found:

30x / 1 files: MD031: Fenced code blocks should be surrounded by blank lines
3x / 1 files: MD040: Fenced code blocks should have a language specified

[ERROR] [2025-07-17 21:50:10] Validation failed with 33 issues

=== DEBUG MODE OUTPUT ===
Test File: docs/TROUBLESHOOTING.md
Exit Code: 1
Output Lines: 67

[DEBUG] [2025-07-17 21:50:10] ==================== DEBUG MODE ENABLED ====================
[DEBUG] [2025-07-17 21:50:10] Script version: 1.0.3
[DEBUG] [2025-07-17 21:50:10] Working directory: /mnt/c/GitHub/rutos-starlink-failover
[DEBUG] [2025-07-17 21:50:10] Arguments: docs/TROUBLESHOOTING.md
[INFO] [2025-07-17 21:50:10] Starting RUTOS busybox compatibility and markdown validation v1.0.3
[STEP] [2025-07-17 21:50:10] Self-validation: Skipped - this script is excluded from validation
[INFO] [2025-07-17 21:50:10] Running in specific file mode
[STEP] [2025-07-17 21:50:10] Processing 1 files
[INFO] [2025-07-17 21:50:10] Validating markdown files
[STEP] [2025-07-17 21:50:10] Validating: docs/TROUBLESHOOTING.md
[INFO] [2025-07-17 21:50:10] Applied auto-fixes to docs/TROUBLESHOOTING.md
[WARNING] [2025-07-17 21:50:11] docs/TROUBLESHOOTING.md: markdownlint found issues
[MAJOR] docs/TROUBLESHOOTING.md:55 MD031:/blanks-around-fences Fenced code blocks should be surrounded by blank lines [Context: "```bash"]
[MAJOR] docs/TROUBLESHOOTING.md:57 MD031:/blanks-around-fences Fenced code blocks should be surrounded by blank lines [Context: "```"]
[MAJOR] docs/TROUBLESHOOTING.md:60 MD031:/blanks-around-fences Fenced code blocks should be surrounded by blank lines [Context: "```bash"]
[MAJOR] docs/TROUBLESHOOTING.md:78 MD031:/blanks-around-fences Fenced code blocks should be surrounded by blank lines [Context: "```bash"]
[MAJOR] docs/TROUBLESHOOTING.md:98 MD031:/blanks-around-fences Fenced code blocks should be surrounded by blank lines [Context: "```bash"]
[MAJOR] docs/TROUBLESHOOTING.md:100 MD031:/blanks-around-fences Fenced code blocks should be surrounded by blank lines [Context: "```"]
[MAJOR] docs/TROUBLESHOOTING.md:102 MD031:/blanks-around-fences Fenced code blocks should be surrounded by blank lines [Context: "```bash"]
[MAJOR] docs/TROUBLESHOOTING.md:104 MD031:/blanks-around-fences Fenced code blocks should be surrounded by blank lines [Context: "```"]
[MAJOR] docs/TROUBLESHOOTING.md:106 MD031:/blanks-around-fences Fenced code blocks should be surrounded by blank lines [Context: "```bash"]
[MAJOR] docs/TROUBLESHOOTING.md:122 MD031:/blanks-around-fences Fenced code blocks should be surrounded by blank lines [Context: "```bash"]
[MAJOR] docs/TROUBLESHOOTING.md:124 MD031:/blanks-around-fences Fenced code blocks should be surrounded by blank lines [Context: "```"]
[MAJOR] docs/TROUBLESHOOTING.md:126 MD031:/blanks-around-fences Fenced code blocks should be surrounded by blank lines [Context: "```bash"]
[MAJOR] docs/TROUBLESHOOTING.md:144 MD031:/blanks-around-fences Fenced code blocks should be surrounded by blank lines [Context: "```bash"]
[MAJOR] docs/TROUBLESHOOTING.md:146 MD031:/blanks-around-fences Fenced code blocks should be surrounded by blank lines [Context: "```"]
[MAJOR] docs/TROUBLESHOOTING.md:148 MD031:/blanks-around-fences Fenced code blocks should be surrounded by blank lines [Context: "```bash"]
[MAJOR] docs/TROUBLESHOOTING.md:182 MD031:/blanks-around-fences Fenced code blocks should be surrounded by blank lines [Context: "```bash"]
[MAJOR] docs/TROUBLESHOOTING.md:198 MD031:/blanks-around-fences Fenced code blocks should be surrounded by blank lines [Context: "```bash"]
[MAJOR] docs/TROUBLESHOOTING.md:200 MD031:/blanks-around-fences Fenced code blocks should be surrounded by blank lines [Context: "```"]
[MAJOR] docs/TROUBLESHOOTING.md:202 MD031:/blanks-around-fences Fenced code blocks should be surrounded by blank lines [Context: "```bash"]
[MAJOR] docs/TROUBLESHOOTING.md:221 MD031:/blanks-around-fences Fenced code blocks should be surrounded by blank lines [Context: "```bash"]
[MAJOR] docs/TROUBLESHOOTING.md:246 MD040:/fenced-code-language Fenced code blocks should have a language specified [Context: "```"]
[MAJOR] docs/TROUBLESHOOTING.md:254 MD040:/fenced-code-language Fenced code blocks should have a language specified [Context: "```"]
[MAJOR] docs/TROUBLESHOOTING.md:262 MD040:/fenced-code-language Fenced code blocks should have a language specified [Context: "```"]
[MAJOR] docs/TROUBLESHOOTING.md:290 MD031:/blanks-around-fences Fenced code blocks should be surrounded by blank lines [Context: "```bash"]
[MAJOR] docs/TROUBLESHOOTING.md:293 MD031:/blanks-around-fences Fenced code blocks should be surrounded by blank lines [Context: "```"]
[MAJOR] docs/TROUBLESHOOTING.md:301 MD031:/blanks-around-fences Fenced code blocks should be surrounded by blank lines [Context: "```bash"]
[MAJOR] docs/TROUBLESHOOTING.md:303 MD031:/blanks-around-fences Fenced code blocks should be surrounded by blank lines [Context: "```"]
[MAJOR] docs/TROUBLESHOOTING.md:305 MD031:/blanks-around-fences Fenced code blocks should be surrounded by blank lines [Context: "```bash"]
[MAJOR] docs/TROUBLESHOOTING.md:308 MD031:/blanks-around-fences Fenced code blocks should be surrounded by blank lines [Context: "```"]
[MAJOR] docs/TROUBLESHOOTING.md:310 MD031:/blanks-around-fences Fenced code blocks should be surrounded by blank lines [Context: "```bash"]
[MAJOR] docs/TROUBLESHOOTING.md:318 MD031:/blanks-around-fences Fenced code blocks should be surrounded by blank lines [Context: "```bash"]
[MAJOR] docs/TROUBLESHOOTING.md:320 MD031:/blanks-around-fences Fenced code blocks should be surrounded by blank lines [Context: "```"]
[MAJOR] docs/TROUBLESHOOTING.md:322 MD031:/blanks-around-fences Fenced code blocks should be surrounded by blank lines [Context: "```bash"]
[DEBUG] [2025-07-17 21:50:11] Γ£ô docs/TROUBLESHOOTING.md: Passes prettier formatting validation
[ERROR] [2025-07-17 21:50:11] Γ£ù docs/TROUBLESHOOTING.md: 33 issues found
[STEP] [2025-07-17 21:50:11] Generating validation summary

=== VALIDATION SUMMARY ===
Files processed: 1
Files passed: 0
Files failed: 1

Total issues: 33
Critical issues: 0
Major issues: 33
Minor issues: 0


=== ISSUE BREAKDOWN ===
Most common issues found:

30x / 1 files: MD031: Fenced code blocks should be surrounded by blank lines
3x / 1 files: MD040: Fenced code blocks should have a language specified

[ERROR] [2025-07-17 21:50:11] Validation failed with 33 issues

=== PATTERN ANALYSIS ===
Pattern: ^\[(CRITICAL|MAJOR|MINOR|WARNING)\]

Found 321 lines matching the pattern:
[MAJOR] ./Starlink-RUTOS-Failover/99-pushover_notify-rutos.sh:1 Uses bash shebang - should use #!/bin/sh for RUTOS compatibility
[CRITICAL] ./Starlink-RUTOS-Failover/99-pushover_notify-rutos.sh:36 Uses 'local' keyword - not supported in busybox
[CRITICAL] ./Starlink-RUTOS-Failover/99-pushover_notify-rutos.sh:37 Uses 'local' keyword - not supported in busybox
[CRITICAL] ./Starlink-RUTOS-Failover/99-pushover_notify-rutos.sh:38 Uses 'local' keyword - not supported in busybox
[CRITICAL] ./Starlink-RUTOS-Failover/99-pushover_notify-rutos.sh:51 Uses 'local' keyword - not supported in busybox
[CRITICAL] ./Starlink-RUTOS-Failover/99-pushover_notify-rutos.sh:52 Uses 'local' keyword - not supported in busybox
[CRITICAL] ./Starlink-RUTOS-Failover/99-pushover_notify-rutos.sh:54 Uses 'local' keyword - not supported in busybox
[CRITICAL] ./Starlink-RUTOS-Failover/99-pushover_notify-rutos.sh:59 Uses 'local' keyword - not supported in busybox
[CRITICAL] ./Starlink-RUTOS-Failover/99-pushover_notify-rutos.sh:69 Uses 'local' keyword - not supported in busybox
[CRITICAL] ./Starlink-RUTOS-Failover/99-pushover_notify-rutos.sh:82 Uses 'local' keyword - not supported in busybox
... (311 more lines)
